<?xml version="1.0" encoding="UTF-8"?>
<!-- Generated by org.testng.reporters.JUnitXMLReporter -->
<testsuite ignored="4" hostname="cube" failures="0" tests="6" name="Surefire test" time="0.832" errors="0" timestamp="2025-09-01T10:33:30 EDT">
  <testcase classname="org.test.DBCompareIT" name="echoToday" time="0.079"/>
  <testcase classname="org.test.DBCompareIT" name="sayHello" time="0.002"/>
  <testcase classname="org.test.DBCompareIT" name="testPostgresConnection" time="0.494"/>
  <testcase classname="org.test.SampleJavaIT" name="echoToday" time="0.003"/>
  <testcase classname="org.test.SampleJavaIT" name="sayHello" time="0.003"/>
  <testcase classname="org.test.SampleXmlIT" name="sampleXml" time="0.14"/>
  <testcase classname="org.citrusframework.testng.spring.TestNGCitrusSpringSupport" name="@BeforeSuite beforeSuite" time="0.0">
    <ignored/>
  </testcase> <!-- @BeforeSuite beforeSuite -->
  <testcase classname="org.citrusframework.testng.spring.TestNGCitrusSpringSupport" name="@AfterSuite afterSuite" time="0.0">
    <ignored/>
  </testcase> <!-- @AfterSuite afterSuite -->
  <testcase classname="org.citrusframework.testng.spring.TestNGCitrusSpringSupport" name="@BeforeSuite beforeSuite" time="0.0">
    <ignored/>
  </testcase> <!-- @BeforeSuite beforeSuite -->
  <testcase classname="org.citrusframework.testng.spring.TestNGCitrusSpringSupport" name="@AfterSuite afterSuite" time="0.0">
    <ignored/>
  </testcase> <!-- @AfterSuite afterSuite -->
</testsuite> <!-- Surefire test -->
