<?xml version="1.0" encoding="UTF-8"?>
<testsuite xmlns:xsi="http://www.w3.org/2001/XMLSchema-instance" xsi:noNamespaceSchemaLocation="https://maven.apache.org/surefire/maven-failsafe-plugin/xsd/failsafe-test-report.xsd" version="3.0.2" name="TestSuite" time="4.951" tests="6" errors="0" skipped="0" failures="0">
  <properties>
[...]
</properties>
  <testcase name="echoToday" classname="org.test.DBCompareIT" time="0.082">
    <system-out><![CDATA[10:33:28.132 [main] INFO  org.citrusframework.config.xml.SchemaRepositoryParser - Found schema repository bean definition parser class org.citrusframework.config.xml.XsdSchemaRepositoryParser from resource META-INF/citrus/schema-repository/parser/xml
10:33:28.780 [main] WARN  org.springframework.context.support.PostProcessorRegistrationDelegate$BeanPostProcessorChecker - Bean 'citrusSpringConfig' of type [org.citrusframework.config.CitrusSpringConfig$$SpringCGLIB$$0] is not eligible for getting processed by all BeanPostProcessors (for example: not eligible for auto-proxying). The currently created BeanPostProcessor [citrusComponentInitializer] is declared through a non-static factory method on that class; consider declaring it as static instead.
10:33:28.787 [main] WARN  org.springframework.context.support.PostProcessorRegistrationDelegate$BeanPostProcessorChecker - Bean 'citrusReferenceResolver' of type [org.citrusframework.context.SpringBeanReferenceResolver] is not eligible for getting processed by all BeanPostProcessors (for example: not eligible for auto-proxying). Is this bean getting eagerly injected/applied to a currently created BeanPostProcessor [citrusComponentInitializer]? Check the corresponding BeanPostProcessor declaration and its dependencies/advisors. If this bean does not have to be post-processed, declare it with ROLE_INFRASTRUCTURE.
10:33:29.075 [main] WARN  org.springframework.xml.DocumentBuilderFactoryUtils - http://javax.xml.XMLConstants/property/accessExternalDTD property not supported by org.apache.xerces.jaxp.DocumentBuilderFactoryImpl
10:33:29.076 [main] WARN  org.springframework.xml.DocumentBuilderFactoryUtils - http://javax.xml.XMLConstants/property/accessExternalSchema property not supported by org.apache.xerces.jaxp.DocumentBuilderFactoryImpl
10:33:29.168 [main] INFO  org.citrusframework.report.LoggingReporter -        .__  __                       
10:33:29.169 [main] INFO  org.citrusframework.report.LoggingReporter -   ____ |__|/  |________ __ __  ______
10:33:29.169 [main] INFO  org.citrusframework.report.LoggingReporter - _/ ___\|  \   __\_  __ \  |  \/  ___/
10:33:29.169 [main] INFO  org.citrusframework.report.LoggingReporter - \  \___|  ||  |  |  | \/  |  /\___ \ 
10:33:29.169 [main] INFO  org.citrusframework.report.LoggingReporter -  \___  >__||__|  |__|  |____//____  >
10:33:29.169 [main] INFO  org.citrusframework.report.LoggingReporter -      \/                           \/
10:33:29.169 [main] INFO  org.citrusframework.report.LoggingReporter - 
10:33:29.171 [main] INFO  org.citrusframework.report.LoggingReporter - C I T R U S  T E S T S  4.7.0
10:33:29.171 [main] INFO  org.citrusframework.report.LoggingReporter - 
10:33:29.171 [main] INFO  org.citrusframework.report.LoggingReporter - ------------------------------------------------------------------------
10:33:29.306 [main] INFO  org.citrusframework.actions.EchoAction - Today is: 01.09.2025
10:33:29.324 [main] INFO  org.citrusframework.report.LoggingReporter - 
10:33:29.324 [main] INFO  org.citrusframework.report.LoggingReporter - TEST SUCCESS DBCompareIT.echoToday (org.test)
10:33:29.324 [main] INFO  org.citrusframework.report.LoggingReporter - ------------------------------------------------------------------------
10:33:29.324 [main] INFO  org.citrusframework.report.LoggingReporter - 
]]></system-out>
  </testcase>
  <testcase name="sayHello" classname="org.test.DBCompareIT" time="0.003">
    <system-out><![CDATA[10:33:29.341 [main] INFO  org.citrusframework.actions.EchoAction - Hello Citrus!
10:33:29.342 [main] INFO  org.citrusframework.report.LoggingReporter - 
10:33:29.342 [main] INFO  org.citrusframework.report.LoggingReporter - TEST SUCCESS SampleJavaTest.sayHello (org.test)
10:33:29.342 [main] INFO  org.citrusframework.report.LoggingReporter - ------------------------------------------------------------------------
10:33:29.342 [main] INFO  org.citrusframework.report.LoggingReporter - 
]]></system-out>
  </testcase>
  <testcase name="testPostgresConnection" classname="org.test.DBCompareIT" time="0.495">
    <system-out><![CDATA[start
done
10:33:29.839 [main] INFO  org.citrusframework.report.LoggingReporter - 
10:33:29.840 [main] INFO  org.citrusframework.report.LoggingReporter - TEST SUCCESS DBCompareIT.testPostgresConnection (org.test)
10:33:29.840 [main] INFO  org.citrusframework.report.LoggingReporter - ------------------------------------------------------------------------
10:33:29.840 [main] INFO  org.citrusframework.report.LoggingReporter - 
]]></system-out>
  </testcase>
  <testcase name="echoToday" classname="org.test.SampleJavaIT" time="0.003">
    <system-out><![CDATA[10:33:29.851 [main] INFO  org.citrusframework.actions.EchoAction - Today is: 01.09.2025
10:33:29.851 [main] INFO  org.citrusframework.report.LoggingReporter - 
10:33:29.851 [main] INFO  org.citrusframework.report.LoggingReporter - TEST SUCCESS SampleJavaIT.echoToday (org.test)
10:33:29.852 [main] INFO  org.citrusframework.report.LoggingReporter - ------------------------------------------------------------------------
10:33:29.852 [main] INFO  org.citrusframework.report.LoggingReporter - 
]]></system-out>
  </testcase>
  <testcase name="sayHello" classname="org.test.SampleJavaIT" time="0.003">
    <system-out><![CDATA[10:33:29.856 [main] INFO  org.citrusframework.actions.EchoAction - Hello Citrus!
10:33:29.856 [main] INFO  org.citrusframework.report.LoggingReporter - 
10:33:29.856 [main] INFO  org.citrusframework.report.LoggingReporter - TEST SUCCESS SampleJavaTest.sayHello (org.test)
10:33:29.857 [main] INFO  org.citrusframework.report.LoggingReporter - ------------------------------------------------------------------------
10:33:29.857 [main] INFO  org.citrusframework.report.LoggingReporter - 
]]></system-out>
  </testcase>
  <testcase name="sampleXml" classname="org.test.SampleXmlIT" time="0.141">
    <system-out><![CDATA[10:33:30.000 [main] INFO  org.citrusframework.actions.EchoAction - Today is: 01.09.2025
10:33:30.001 [main] INFO  org.citrusframework.report.LoggingReporter - 
10:33:30.001 [main] INFO  org.citrusframework.report.LoggingReporter - TEST SUCCESS SampleXmlIT (org.citrusframework)
10:33:30.001 [main] INFO  org.citrusframework.report.LoggingReporter - ------------------------------------------------------------------------
10:33:30.001 [main] INFO  org.citrusframework.report.LoggingReporter - 
]]></system-out>
  </testcase>
</testsuite>