<?xml version="1.0" encoding="UTF-8"?>
<testng-results ignored="0" total="6" passed="6" failed="0" skipped="0">
  <reporter-output>
  </reporter-output>
  <suite started-at="2025-09-01T10:33:29 EDT" name="Surefire suite" finished-at="2025-09-01T10:33:30 EDT" duration-ms="832">
    <groups>
      <group name="citrus-test">
        <method signature="DBCompareIT.echoToday()[pri:0, instance:org.test.DBCompareIT@649f2009]" name="echoToday" class="org.test.DBCompareIT"/>
        <method signature="DBCompareIT.sayHello()[pri:0, instance:org.test.DBCompareIT@649f2009]" name="sayHello" class="org.test.DBCompareIT"/>
        <method signature="DBCompareIT.testPostgresConnection()[pri:0, instance:org.test.DBCompareIT@649f2009]" name="testPostgresConnection" class="org.test.DBCompareIT"/>
      </group> <!-- citrus-test -->
    </groups>
    <test started-at="2025-09-01T10:33:29 EDT" name="Surefire test" finished-at="2025-09-01T10:33:30 EDT" duration-ms="832">
      <class name="org.test.DBCompareIT">
        <test-method is-config="true" signature="beforeSuite()[pri:0, instance:org.test.DBCompareIT@649f2009]" started-at="2025-09-01T10:33:27 EDT" name="beforeSuite" finished-at="2025-09-01T10:33:29 EDT" duration-ms="1869" status="PASS">
          <reporter-output>
          </reporter-output>
        </test-method> <!-- beforeSuite -->
        <test-method is-config="true" signature="springTestContextBeforeTestClass()[pri:0, instance:org.test.DBCompareIT@649f2009]" started-at="2025-09-01T10:33:29 EDT" name="springTestContextBeforeTestClass" finished-at="2025-09-01T10:33:29 EDT" duration-ms="7" status="PASS">
          <reporter-output>
          </reporter-output>
        </test-method> <!-- springTestContextBeforeTestClass -->
        <test-method is-config="true" signature="springTestContextPrepareTestInstance()[pri:0, instance:org.test.DBCompareIT@649f2009]" started-at="2025-09-01T10:33:29 EDT" name="springTestContextPrepareTestInstance" finished-at="2025-09-01T10:33:29 EDT" depends-on-methods="org.springframework.test.context.testng.AbstractTestNGSpringContextTests.springTestContextBeforeTestClass" duration-ms="1" status="PASS">
          <reporter-output>
          </reporter-output>
        </test-method> <!-- springTestContextPrepareTestInstance -->
        <test-method is-config="true" signature="before()[pri:0, instance:org.test.DBCompareIT@649f2009]" started-at="2025-09-01T10:33:29 EDT" name="before" finished-at="2025-09-01T10:33:29 EDT" duration-ms="1" status="PASS">
          <reporter-output>
          </reporter-output>
        </test-method> <!-- before -->
        <test-method is-config="true" signature="springTestContextBeforeTestMethod(java.lang.reflect.Method)[pri:0, instance:org.test.DBCompareIT@649f2009]" started-at="2025-09-01T10:33:29 EDT" name="springTestContextBeforeTestMethod" finished-at="2025-09-01T10:33:29 EDT" duration-ms="17" status="PASS">
          <params>
            <param index="0">
              <value>
                <![CDATA[public void org.test.DBCompareIT.echoToday()]]>
              </value>
            </param>
          </params>
          <reporter-output>
          </reporter-output>
        </test-method> <!-- springTestContextBeforeTestMethod -->
        <test-method signature="echoToday()[pri:0, instance:org.test.DBCompareIT@649f2009]" started-at="2025-09-01T10:33:29 EDT" name="echoToday" finished-at="2025-09-01T10:33:29 EDT" duration-ms="79" status="PASS">
          <reporter-output>
          </reporter-output>
        </test-method> <!-- echoToday -->
        <test-method is-config="true" signature="springTestContextAfterTestMethod(java.lang.reflect.Method)[pri:0, instance:org.test.DBCompareIT@649f2009]" started-at="2025-09-01T10:33:29 EDT" name="springTestContextAfterTestMethod" finished-at="2025-09-01T10:33:29 EDT" duration-ms="2" status="PASS">
          <params>
            <param index="0">
              <value>
                <![CDATA[public void org.test.DBCompareIT.echoToday()]]>
              </value>
            </param>
          </params>
          <reporter-output>
          </reporter-output>
        </test-method> <!-- springTestContextAfterTestMethod -->
        <test-method is-config="true" signature="springTestContextBeforeTestMethod(java.lang.reflect.Method)[pri:0, instance:org.test.DBCompareIT@649f2009]" started-at="2025-09-01T10:33:29 EDT" name="springTestContextBeforeTestMethod" finished-at="2025-09-01T10:33:29 EDT" duration-ms="1" status="PASS">
          <params>
            <param index="0">
              <value>
                <![CDATA[public void org.test.DBCompareIT.sayHello()]]>
              </value>
            </param>
          </params>
          <reporter-output>
          </reporter-output>
        </test-method> <!-- springTestContextBeforeTestMethod -->
        <test-method signature="sayHello()[pri:0, instance:org.test.DBCompareIT@649f2009]" started-at="2025-09-01T10:33:29 EDT" name="sayHello" finished-at="2025-09-01T10:33:29 EDT" duration-ms="2" status="PASS">
          <reporter-output>
          </reporter-output>
        </test-method> <!-- sayHello -->
        <test-method is-config="true" signature="springTestContextAfterTestMethod(java.lang.reflect.Method)[pri:0, instance:org.test.DBCompareIT@649f2009]" started-at="2025-09-01T10:33:29 EDT" name="springTestContextAfterTestMethod" finished-at="2025-09-01T10:33:29 EDT" duration-ms="0" status="PASS">
          <params>
            <param index="0">
              <value>
                <![CDATA[public void org.test.DBCompareIT.sayHello()]]>
              </value>
            </param>
          </params>
          <reporter-output>
          </reporter-output>
        </test-method> <!-- springTestContextAfterTestMethod -->
        <test-method is-config="true" signature="springTestContextBeforeTestMethod(java.lang.reflect.Method)[pri:0, instance:org.test.DBCompareIT@649f2009]" started-at="2025-09-01T10:33:29 EDT" name="springTestContextBeforeTestMethod" finished-at="2025-09-01T10:33:29 EDT" duration-ms="0" status="PASS">
          <params>
            <param index="0">
              <value>
                <![CDATA[public void org.test.DBCompareIT.testPostgresConnection()]]>
              </value>
            </param>
          </params>
          <reporter-output>
          </reporter-output>
        </test-method> <!-- springTestContextBeforeTestMethod -->
        <test-method signature="testPostgresConnection()[pri:0, instance:org.test.DBCompareIT@649f2009]" started-at="2025-09-01T10:33:29 EDT" name="testPostgresConnection" finished-at="2025-09-01T10:33:29 EDT" duration-ms="494" status="PASS">
          <reporter-output>
          </reporter-output>
        </test-method> <!-- testPostgresConnection -->
        <test-method is-config="true" signature="springTestContextAfterTestMethod(java.lang.reflect.Method)[pri:0, instance:org.test.DBCompareIT@649f2009]" started-at="2025-09-01T10:33:29 EDT" name="springTestContextAfterTestMethod" finished-at="2025-09-01T10:33:29 EDT" duration-ms="1" status="PASS">
          <params>
            <param index="0">
              <value>
                <![CDATA[public void org.test.DBCompareIT.testPostgresConnection()]]>
              </value>
            </param>
          </params>
          <reporter-output>
          </reporter-output>
        </test-method> <!-- springTestContextAfterTestMethod -->
        <test-method is-config="true" signature="after()[pri:0, instance:org.test.DBCompareIT@649f2009]" started-at="2025-09-01T10:33:29 EDT" name="after" finished-at="2025-09-01T10:33:29 EDT" duration-ms="0" status="PASS">
          <reporter-output>
          </reporter-output>
        </test-method> <!-- after -->
        <test-method is-config="true" signature="springTestContextAfterTestClass()[pri:0, instance:org.test.DBCompareIT@649f2009]" started-at="2025-09-01T10:33:29 EDT" name="springTestContextAfterTestClass" finished-at="2025-09-01T10:33:29 EDT" duration-ms="3" status="PASS">
          <reporter-output>
          </reporter-output>
        </test-method> <!-- springTestContextAfterTestClass -->
        <test-method is-config="true" signature="afterSuite()[pri:0, instance:org.test.DBCompareIT@649f2009]" started-at="2025-09-01T10:33:30 EDT" name="afterSuite" finished-at="2025-09-01T10:33:30 EDT" duration-ms="76" status="PASS">
          <reporter-output>
          </reporter-output>
        </test-method> <!-- afterSuite -->
      </class> <!-- org.test.DBCompareIT -->
      <class name="org.test.SampleXmlIT">
        <test-method is-config="true" signature="springTestContextPrepareTestInstance()[pri:0, instance:org.test.SampleXmlIT@57f791c6]" started-at="2025-09-01T10:33:29 EDT" name="springTestContextPrepareTestInstance" finished-at="2025-09-01T10:33:29 EDT" depends-on-methods="org.springframework.test.context.testng.AbstractTestNGSpringContextTests.springTestContextBeforeTestClass" duration-ms="1" status="PASS">
          <reporter-output>
          </reporter-output>
        </test-method> <!-- springTestContextPrepareTestInstance -->
        <test-method is-config="true" signature="springTestContextBeforeTestClass()[pri:0, instance:org.test.SampleXmlIT@57f791c6]" started-at="2025-09-01T10:33:29 EDT" name="springTestContextBeforeTestClass" finished-at="2025-09-01T10:33:29 EDT" duration-ms="0" status="PASS">
          <reporter-output>
          </reporter-output>
        </test-method> <!-- springTestContextBeforeTestClass -->
        <test-method is-config="true" signature="before()[pri:0, instance:org.test.SampleXmlIT@57f791c6]" started-at="2025-09-01T10:33:29 EDT" name="before" finished-at="2025-09-01T10:33:29 EDT" duration-ms="0" status="PASS">
          <reporter-output>
          </reporter-output>
        </test-method> <!-- before -->
        <test-method signature="sampleXml()[pri:0, instance:org.test.SampleXmlIT@57f791c6]" started-at="2025-09-01T10:33:29 EDT" name="sampleXml" finished-at="2025-09-01T10:33:30 EDT" duration-ms="140" status="PASS">
          <reporter-output>
          </reporter-output>
        </test-method> <!-- sampleXml -->
        <test-method is-config="true" signature="springTestContextBeforeTestMethod(java.lang.reflect.Method)[pri:0, instance:org.test.SampleXmlIT@57f791c6]" started-at="2025-09-01T10:33:29 EDT" name="springTestContextBeforeTestMethod" finished-at="2025-09-01T10:33:29 EDT" duration-ms="0" status="PASS">
          <params>
            <param index="0">
              <value>
                <![CDATA[public void org.test.SampleXmlIT.sampleXml()]]>
              </value>
            </param>
          </params>
          <reporter-output>
          </reporter-output>
        </test-method> <!-- springTestContextBeforeTestMethod -->
        <test-method is-config="true" signature="springTestContextAfterTestMethod(java.lang.reflect.Method)[pri:0, instance:org.test.SampleXmlIT@57f791c6]" started-at="2025-09-01T10:33:30 EDT" name="springTestContextAfterTestMethod" finished-at="2025-09-01T10:33:30 EDT" duration-ms="1" status="PASS">
          <params>
            <param index="0">
              <value>
                <![CDATA[public void org.test.SampleXmlIT.sampleXml()]]>
              </value>
            </param>
          </params>
          <reporter-output>
          </reporter-output>
        </test-method> <!-- springTestContextAfterTestMethod -->
        <test-method is-config="true" signature="after()[pri:0, instance:org.test.SampleXmlIT@57f791c6]" started-at="2025-09-01T10:33:30 EDT" name="after" finished-at="2025-09-01T10:33:30 EDT" duration-ms="0" status="PASS">
          <reporter-output>
          </reporter-output>
        </test-method> <!-- after -->
        <test-method is-config="true" signature="springTestContextAfterTestClass()[pri:0, instance:org.test.SampleXmlIT@57f791c6]" started-at="2025-09-01T10:33:30 EDT" name="springTestContextAfterTestClass" finished-at="2025-09-01T10:33:30 EDT" duration-ms="1" status="PASS">
          <reporter-output>
          </reporter-output>
        </test-method> <!-- springTestContextAfterTestClass -->
      </class> <!-- org.test.SampleXmlIT -->
      <class name="org.test.SampleJavaIT">
        <test-method is-config="true" signature="springTestContextPrepareTestInstance()[pri:0, instance:org.test.SampleJavaIT@1a15b789]" started-at="2025-09-01T10:33:29 EDT" name="springTestContextPrepareTestInstance" finished-at="2025-09-01T10:33:29 EDT" depends-on-methods="org.springframework.test.context.testng.AbstractTestNGSpringContextTests.springTestContextBeforeTestClass" duration-ms="1" status="PASS">
          <reporter-output>
          </reporter-output>
        </test-method> <!-- springTestContextPrepareTestInstance -->
        <test-method is-config="true" signature="springTestContextBeforeTestClass()[pri:0, instance:org.test.SampleJavaIT@1a15b789]" started-at="2025-09-01T10:33:29 EDT" name="springTestContextBeforeTestClass" finished-at="2025-09-01T10:33:29 EDT" duration-ms="0" status="PASS">
          <reporter-output>
          </reporter-output>
        </test-method> <!-- springTestContextBeforeTestClass -->
        <test-method is-config="true" signature="before()[pri:0, instance:org.test.SampleJavaIT@1a15b789]" started-at="2025-09-01T10:33:29 EDT" name="before" finished-at="2025-09-01T10:33:29 EDT" duration-ms="1" status="PASS">
          <reporter-output>
          </reporter-output>
        </test-method> <!-- before -->
        <test-method is-config="true" signature="springTestContextBeforeTestMethod(java.lang.reflect.Method)[pri:0, instance:org.test.SampleJavaIT@1a15b789]" started-at="2025-09-01T10:33:29 EDT" name="springTestContextBeforeTestMethod" finished-at="2025-09-01T10:33:29 EDT" duration-ms="1" status="PASS">
          <params>
            <param index="0">
              <value>
                <![CDATA[public void org.test.SampleJavaIT.echoToday()]]>
              </value>
            </param>
          </params>
          <reporter-output>
          </reporter-output>
        </test-method> <!-- springTestContextBeforeTestMethod -->
        <test-method signature="echoToday()[pri:0, instance:org.test.SampleJavaIT@1a15b789]" started-at="2025-09-01T10:33:29 EDT" name="echoToday" finished-at="2025-09-01T10:33:29 EDT" duration-ms="3" status="PASS">
          <reporter-output>
          </reporter-output>
        </test-method> <!-- echoToday -->
        <test-method is-config="true" signature="springTestContextAfterTestMethod(java.lang.reflect.Method)[pri:0, instance:org.test.SampleJavaIT@1a15b789]" started-at="2025-09-01T10:33:29 EDT" name="springTestContextAfterTestMethod" finished-at="2025-09-01T10:33:29 EDT" duration-ms="1" status="PASS">
          <params>
            <param index="0">
              <value>
                <![CDATA[public void org.test.SampleJavaIT.echoToday()]]>
              </value>
            </param>
          </params>
          <reporter-output>
          </reporter-output>
        </test-method> <!-- springTestContextAfterTestMethod -->
        <test-method is-config="true" signature="springTestContextBeforeTestMethod(java.lang.reflect.Method)[pri:0, instance:org.test.SampleJavaIT@1a15b789]" started-at="2025-09-01T10:33:29 EDT" name="springTestContextBeforeTestMethod" finished-at="2025-09-01T10:33:29 EDT" duration-ms="1" status="PASS">
          <params>
            <param index="0">
              <value>
                <![CDATA[public void org.test.SampleJavaIT.sayHello()]]>
              </value>
            </param>
          </params>
          <reporter-output>
          </reporter-output>
        </test-method> <!-- springTestContextBeforeTestMethod -->
        <test-method signature="sayHello()[pri:0, instance:org.test.SampleJavaIT@1a15b789]" started-at="2025-09-01T10:33:29 EDT" name="sayHello" finished-at="2025-09-01T10:33:29 EDT" duration-ms="3" status="PASS">
          <reporter-output>
          </reporter-output>
        </test-method> <!-- sayHello -->
        <test-method is-config="true" signature="springTestContextAfterTestMethod(java.lang.reflect.Method)[pri:0, instance:org.test.SampleJavaIT@1a15b789]" started-at="2025-09-01T10:33:29 EDT" name="springTestContextAfterTestMethod" finished-at="2025-09-01T10:33:29 EDT" duration-ms="1" status="PASS">
          <params>
            <param index="0">
              <value>
                <![CDATA[public void org.test.SampleJavaIT.sayHello()]]>
              </value>
            </param>
          </params>
          <reporter-output>
          </reporter-output>
        </test-method> <!-- springTestContextAfterTestMethod -->
        <test-method is-config="true" signature="after()[pri:0, instance:org.test.SampleJavaIT@1a15b789]" started-at="2025-09-01T10:33:29 EDT" name="after" finished-at="2025-09-01T10:33:29 EDT" duration-ms="0" status="PASS">
          <reporter-output>
          </reporter-output>
        </test-method> <!-- after -->
        <test-method is-config="true" signature="springTestContextAfterTestClass()[pri:0, instance:org.test.SampleJavaIT@1a15b789]" started-at="2025-09-01T10:33:29 EDT" name="springTestContextAfterTestClass" finished-at="2025-09-01T10:33:29 EDT" duration-ms="0" status="PASS">
          <reporter-output>
          </reporter-output>
        </test-method> <!-- springTestContextAfterTestClass -->
      </class> <!-- org.test.SampleJavaIT -->
    </test> <!-- Surefire test -->
  </suite> <!-- Surefire suite -->
</testng-results>
